<?xml version="1.0" encoding="UTF-8"?>
<!-- Generated by org.testng.reporters.JUnitReportReporter -->
<testsuite hostname="LAPTOP-CNKSJMK5" failures="0" tests="2" name="project3.project3.day3" time="0.007" errors="0" timestamp="2022-08-23T13:03:55 IST" skipped="1">
  <testcase classname="project3.project3.day3" name="mobilesignedhomeloan" time="0.007"/>
  <system-out/>
  <testcase classname="project3.project3.day3" name="mobilesignouthomeloan">
    <skipped/>
  </testcase> <!-- mobilesignouthomeloan -->
  <system-out/>
</testsuite> <!-- project3.project3.day3 -->
