<?xml version="1.0" encoding="UTF-8"?>
<!-- Generated by org.testng.reporters.JUnitReportReporter -->
<testsuite hostname="LAPTOP-CNKSJMK5" failures="0" tests="1" name="project3.project3.day2" time="0.005" errors="0" timestamp="2022-08-26T17:59:10 IST" skipped="0">
  <testcase classname="project3.project3.day2" name="demo" time="0.005"/>
  <system-out/>
</testsuite> <!-- project3.project3.day2 -->
