<?xml version="1.0" encoding="UTF-8"?>
<!-- Generated by org.testng.reporters.JUnitReportReporter -->
<testsuite hostname="LAPTOP-CNKSJMK5" failures="0" tests="1" name="project3.project3.day1" time="0.014" errors="0" timestamp="2022-08-23T13:03:55 IST" skipped="0">
  <testcase classname="project3.project3.day1" name="carloan2" time="0.014"/>
  <system-out/>
</testsuite> <!-- project3.project3.day1 -->
